Build started 2016-02-05 13:59:26.
     1>Project "\\hsnas6\StudentHome\2015\a15nicel\Desktop\GitHub\Livia-game-2.0\SfmlEmpty\SfmlEmpty.vcxproj" on node 2 (Build target(s)).
     1>ClCompile:
         C:\Program Files (x86)\Microsoft Visual Studio 12.0\VC\bin\CL.exe /c /I.\ /I"\\hsnas6\StudentHome\2015\a15nicel\Desktop\GitHub\Livia-game-2.0\\SFML-2.3.2\include" /Zi /nologo /W3 /WX- /sdl /O2 /Oi /Oy- /GL /D _MBCS /Gm- /EHsc /MD /GS /Gy /fp:precise /Zc:wchar_t /Zc:forScope /Fo"Release\\" /Fd"Release\vc120.pdb" /Gd /TP /analyze- /errorReport:prompt Abstractgame.cpp Block0.cpp Camera.cpp Collisionhandler.cpp Entity.cpp Entityhandler.cpp Factory.cpp GameRun.cpp GameState.cpp Main.cpp GameLoop.cpp MapEditMaploader.cpp MapEditor.cpp MapEditorMeny.cpp MapGenerator.cpp Player.cpp Terrain.cpp Terrainhandler.cpp Toolbox.cpp Worm.cpp
         Abstractgame.cpp
         Block0.cpp
     1>Block0.cpp(114): warning C4244: 'argument' : conversion from 'float' to 'int', possible loss of data
         Camera.cpp
         Collisionhandler.cpp
         Entity.cpp
         Entityhandler.cpp
         Factory.cpp
         GameRun.cpp
     1>GameRun.cpp(13): warning C4305: 'argument' : truncation from 'double' to 'float32'
         GameState.cpp
         Main.cpp
         GameLoop.cpp
     1>GameLoop.cpp(84): warning C4244: '=' : conversion from 'sf::Int32' to 'float', possible loss of data
     1>GameLoop.cpp(85): warning C4244: '=' : conversion from 'float' to 'int', possible loss of data
         MapEditMaploader.cpp
         MapEditor.cpp
         MapEditorMeny.cpp
         MapGenerator.cpp
         Player.cpp
     1>Player.cpp(4): warning C4305: 'initializing' : truncation from 'double' to 'float'
         Terrain.cpp
         Terrainhandler.cpp
         Toolbox.cpp
     1>Toolbox.cpp(64): warning C4244: '=' : conversion from 'unsigned int' to 'float', possible loss of data
     1>Toolbox.cpp(65): warning C4244: '=' : conversion from 'unsigned int' to 'float', possible loss of data
         Worm.cpp
       Link:
         C:\Program Files (x86)\Microsoft Visual Studio 12.0\VC\bin\link.exe /ERRORREPORT:PROMPT /OUT:"\\hsnas6\StudentHome\2015\a15nicel\Desktop\GitHub\Livia-game-2.0\Release\SfmlEmpty.exe" /NOLOGO /LIBPATH:.\lib /LIBPATH:"\\hsnas6\StudentHome\2015\a15nicel\Desktop\GitHub\Livia-game-2.0\\SFML-2.3.2\lib" "sfml-audio.lib" "sfml-graphics.lib" "sfml-window.lib" "sfml-system.lib" Box2D.lib kernel32.lib user32.lib gdi32.lib winspool.lib comdlg32.lib advapi32.lib shell32.lib ole32.lib oleaut32.lib uuid.lib odbc32.lib odbccp32.lib /MANIFEST /MANIFESTUAC:"level='asInvoker' uiAccess='false'" /manifest:embed /DEBUG /PDB:"\\hsnas6\StudentHome\2015\a15nicel\Desktop\GitHub\Livia-game-2.0\Release\SfmlEmpty.pdb" /OPT:REF /OPT:ICF /LTCG /TLBID:1 /DYNAMICBASE /NXCOMPAT /IMPLIB:"\\hsnas6\StudentHome\2015\a15nicel\Desktop\GitHub\Livia-game-2.0\Release\SfmlEmpty.lib" /MACHINE:X86 /SAFESEH Release\Abstractgame.obj
         Release\Block0.obj
         Release\Camera.obj
         Release\Collisionhandler.obj
         Release\Entity.obj
         Release\Entityhandler.obj
         Release\Factory.obj
         Release\GameRun.obj
         Release\GameState.obj
         Release\Main.obj
         Release\GameLoop.obj
         Release\MapEditMaploader.obj
         Release\MapEditor.obj
         Release\MapEditorMeny.obj
         Release\MapGenerator.obj
         Release\Player.obj
         Release\Terrain.obj
         Release\Terrainhandler.obj
         Release\Toolbox.obj
         Release\Worm.obj
     1>Box2D.lib(b2World.obj) : error LNK2038: mismatch detected for '_ITERATOR_DEBUG_LEVEL': value '2' doesn't match value '0' in Block0.obj
     1>Box2D.lib(b2World.obj) : error LNK2038: mismatch detected for 'RuntimeLibrary': value 'MDd_DynamicDebug' doesn't match value 'MD_DynamicRelease' in Block0.obj
     1>Box2D.lib(b2Body.obj) : error LNK2038: mismatch detected for '_ITERATOR_DEBUG_LEVEL': value '2' doesn't match value '0' in Block0.obj
     1>Box2D.lib(b2Body.obj) : error LNK2038: mismatch detected for 'RuntimeLibrary': value 'MDd_DynamicDebug' doesn't match value 'MD_DynamicRelease' in Block0.obj
     1>Box2D.lib(b2PolygonShape.obj) : error LNK2038: mismatch detected for '_ITERATOR_DEBUG_LEVEL': value '2' doesn't match value '0' in Block0.obj
     1>Box2D.lib(b2PolygonShape.obj) : error LNK2038: mismatch detected for 'RuntimeLibrary': value 'MDd_DynamicDebug' doesn't match value 'MD_DynamicRelease' in Block0.obj
     1>Box2D.lib(b2BroadPhase.obj) : error LNK2038: mismatch detected for '_ITERATOR_DEBUG_LEVEL': value '2' doesn't match value '0' in Block0.obj
     1>Box2D.lib(b2BroadPhase.obj) : error LNK2038: mismatch detected for 'RuntimeLibrary': value 'MDd_DynamicDebug' doesn't match value 'MD_DynamicRelease' in Block0.obj
     1>Box2D.lib(b2ContactManager.obj) : error LNK2038: mismatch detected for '_ITERATOR_DEBUG_LEVEL': value '2' doesn't match value '0' in Block0.obj
     1>Box2D.lib(b2ContactManager.obj) : error LNK2038: mismatch detected for 'RuntimeLibrary': value 'MDd_DynamicDebug' doesn't match value 'MD_DynamicRelease' in Block0.obj
     1>Box2D.lib(b2Fixture.obj) : error LNK2038: mismatch detected for '_ITERATOR_DEBUG_LEVEL': value '2' doesn't match value '0' in Block0.obj
     1>Box2D.lib(b2Fixture.obj) : error LNK2038: mismatch detected for 'RuntimeLibrary': value 'MDd_DynamicDebug' doesn't match value 'MD_DynamicRelease' in Block0.obj
     1>Box2D.lib(b2Island.obj) : error LNK2038: mismatch detected for '_ITERATOR_DEBUG_LEVEL': value '2' doesn't match value '0' in Block0.obj
     1>Box2D.lib(b2Island.obj) : error LNK2038: mismatch detected for 'RuntimeLibrary': value 'MDd_DynamicDebug' doesn't match value 'MD_DynamicRelease' in Block0.obj
     1>Box2D.lib(b2Joint.obj) : error LNK2038: mismatch detected for '_ITERATOR_DEBUG_LEVEL': value '2' doesn't match value '0' in Block0.obj
     1>Box2D.lib(b2Joint.obj) : error LNK2038: mismatch detected for 'RuntimeLibrary': value 'MDd_DynamicDebug' doesn't match value 'MD_DynamicRelease' in Block0.obj
     1>Box2D.lib(b2PulleyJoint.obj) : error LNK2038: mismatch detected for '_ITERATOR_DEBUG_LEVEL': value '2' doesn't match value '0' in Block0.obj
     1>Box2D.lib(b2PulleyJoint.obj) : error LNK2038: mismatch detected for 'RuntimeLibrary': value 'MDd_DynamicDebug' doesn't match value 'MD_DynamicRelease' in Block0.obj
     1>Box2D.lib(b2Contact.obj) : error LNK2038: mismatch detected for '_ITERATOR_DEBUG_LEVEL': value '2' doesn't match value '0' in Block0.obj
     1>Box2D.lib(b2Contact.obj) : error LNK2038: mismatch detected for 'RuntimeLibrary': value 'MDd_DynamicDebug' doesn't match value 'MD_DynamicRelease' in Block0.obj
     1>Box2D.lib(b2WorldCallbacks.obj) : error LNK2038: mismatch detected for '_ITERATOR_DEBUG_LEVEL': value '2' doesn't match value '0' in Block0.obj
     1>Box2D.lib(b2WorldCallbacks.obj) : error LNK2038: mismatch detected for 'RuntimeLibrary': value 'MDd_DynamicDebug' doesn't match value 'MD_DynamicRelease' in Block0.obj
     1>Box2D.lib(b2ContactSolver.obj) : error LNK2038: mismatch detected for '_ITERATOR_DEBUG_LEVEL': value '2' doesn't match value '0' in Block0.obj
     1>Box2D.lib(b2ContactSolver.obj) : error LNK2038: mismatch detected for 'RuntimeLibrary': value 'MDd_DynamicDebug' doesn't match value 'MD_DynamicRelease' in Block0.obj
     1>Box2D.lib(b2DistanceJoint.obj) : error LNK2038: mismatch detected for '_ITERATOR_DEBUG_LEVEL': value '2' doesn't match value '0' in Block0.obj
     1>Box2D.lib(b2DistanceJoint.obj) : error LNK2038: mismatch detected for 'RuntimeLibrary': value 'MDd_DynamicDebug' doesn't match value 'MD_DynamicRelease' in Block0.obj
     1>Box2D.lib(b2WheelJoint.obj) : error LNK2038: mismatch detected for '_ITERATOR_DEBUG_LEVEL': value '2' doesn't match value '0' in Block0.obj
     1>Box2D.lib(b2WheelJoint.obj) : error LNK2038: mismatch detected for 'RuntimeLibrary': value 'MDd_DynamicDebug' doesn't match value 'MD_DynamicRelease' in Block0.obj
     1>Box2D.lib(b2MouseJoint.obj) : error LNK2038: mismatch detected for '_ITERATOR_DEBUG_LEVEL': value '2' doesn't match value '0' in Block0.obj
     1>Box2D.lib(b2MouseJoint.obj) : error LNK2038: mismatch detected for 'RuntimeLibrary': value 'MDd_DynamicDebug' doesn't match value 'MD_DynamicRelease' in Block0.obj
     1>Box2D.lib(b2RevoluteJoint.obj) : error LNK2038: mismatch detected for '_ITERATOR_DEBUG_LEVEL': value '2' doesn't match value '0' in Block0.obj
     1>Box2D.lib(b2RevoluteJoint.obj) : error LNK2038: mismatch detected for 'RuntimeLibrary': value 'MDd_DynamicDebug' doesn't match value 'MD_DynamicRelease' in Block0.obj
     1>Box2D.lib(b2PrismaticJoint.obj) : error LNK2038: mismatch detected for '_ITERATOR_DEBUG_LEVEL': value '2' doesn't match value '0' in Block0.obj
     1>Box2D.lib(b2PrismaticJoint.obj) : error LNK2038: mismatch detected for 'RuntimeLibrary': value 'MDd_DynamicDebug' doesn't match value 'MD_DynamicRelease' in Block0.obj
     1>Box2D.lib(b2GearJoint.obj) : error LNK2038: mismatch detected for '_ITERATOR_DEBUG_LEVEL': value '2' doesn't match value '0' in Block0.obj
     1>Box2D.lib(b2GearJoint.obj) : error LNK2038: mismatch detected for 'RuntimeLibrary': value 'MDd_DynamicDebug' doesn't match value 'MD_DynamicRelease' in Block0.obj
     1>Box2D.lib(b2WeldJoint.obj) : error LNK2038: mismatch detected for '_ITERATOR_DEBUG_LEVEL': value '2' doesn't match value '0' in Block0.obj
     1>Box2D.lib(b2WeldJoint.obj) : error LNK2038: mismatch detected for 'RuntimeLibrary': value 'MDd_DynamicDebug' doesn't match value 'MD_DynamicRelease' in Block0.obj
     1>Box2D.lib(b2FrictionJoint.obj) : error LNK2038: mismatch detected for '_ITERATOR_DEBUG_LEVEL': value '2' doesn't match value '0' in Block0.obj
     1>Box2D.lib(b2FrictionJoint.obj) : error LNK2038: mismatch detected for 'RuntimeLibrary': value 'MDd_DynamicDebug' doesn't match value 'MD_DynamicRelease' in Block0.obj
     1>Box2D.lib(b2RopeJoint.obj) : error LNK2038: mismatch detected for '_ITERATOR_DEBUG_LEVEL': value '2' doesn't match value '0' in Block0.obj
     1>Box2D.lib(b2RopeJoint.obj) : error LNK2038: mismatch detected for 'RuntimeLibrary': value 'MDd_DynamicDebug' doesn't match value 'MD_DynamicRelease' in Block0.obj
     1>Box2D.lib(b2MotorJoint.obj) : error LNK2038: mismatch detected for '_ITERATOR_DEBUG_LEVEL': value '2' doesn't match value '0' in Block0.obj
     1>Box2D.lib(b2MotorJoint.obj) : error LNK2038: mismatch detected for 'RuntimeLibrary': value 'MDd_DynamicDebug' doesn't match value 'MD_DynamicRelease' in Block0.obj
     1>Box2D.lib(b2CircleContact.obj) : error LNK2038: mismatch detected for '_ITERATOR_DEBUG_LEVEL': value '2' doesn't match value '0' in Block0.obj
     1>Box2D.lib(b2CircleContact.obj) : error LNK2038: mismatch detected for 'RuntimeLibrary': value 'MDd_DynamicDebug' doesn't match value 'MD_DynamicRelease' in Block0.obj
     1>Box2D.lib(b2PolygonAndCircleContact.obj) : error LNK2038: mismatch detected for '_ITERATOR_DEBUG_LEVEL': value '2' doesn't match value '0' in Block0.obj
     1>Box2D.lib(b2PolygonAndCircleContact.obj) : error LNK2038: mismatch detected for 'RuntimeLibrary': value 'MDd_DynamicDebug' doesn't match value 'MD_DynamicRelease' in Block0.obj
     1>Box2D.lib(b2PolygonContact.obj) : error LNK2038: mismatch detected for '_ITERATOR_DEBUG_LEVEL': value '2' doesn't match value '0' in Block0.obj
     1>Box2D.lib(b2PolygonContact.obj) : error LNK2038: mismatch detected for 'RuntimeLibrary': value 'MDd_DynamicDebug' doesn't match value 'MD_DynamicRelease' in Block0.obj
     1>Box2D.lib(b2EdgeAndCircleContact.obj) : error LNK2038: mismatch detected for '_ITERATOR_DEBUG_LEVEL': value '2' doesn't match value '0' in Block0.obj
     1>Box2D.lib(b2EdgeAndCircleContact.obj) : error LNK2038: mismatch detected for 'RuntimeLibrary': value 'MDd_DynamicDebug' doesn't match value 'MD_DynamicRelease' in Block0.obj
     1>Box2D.lib(b2EdgeAndPolygonContact.obj) : error LNK2038: mismatch detected for '_ITERATOR_DEBUG_LEVEL': value '2' doesn't match value '0' in Block0.obj
     1>Box2D.lib(b2EdgeAndPolygonContact.obj) : error LNK2038: mismatch detected for 'RuntimeLibrary': value 'MDd_DynamicDebug' doesn't match value 'MD_DynamicRelease' in Block0.obj
     1>Box2D.lib(b2ChainAndCircleContact.obj) : error LNK2038: mismatch detected for '_ITERATOR_DEBUG_LEVEL': value '2' doesn't match value '0' in Block0.obj
     1>Box2D.lib(b2ChainAndCircleContact.obj) : error LNK2038: mismatch detected for 'RuntimeLibrary': value 'MDd_DynamicDebug' doesn't match value 'MD_DynamicRelease' in Block0.obj
     1>Box2D.lib(b2ChainAndPolygonContact.obj) : error LNK2038: mismatch detected for '_ITERATOR_DEBUG_LEVEL': value '2' doesn't match value '0' in Block0.obj
     1>Box2D.lib(b2ChainAndPolygonContact.obj) : error LNK2038: mismatch detected for 'RuntimeLibrary': value 'MDd_DynamicDebug' doesn't match value 'MD_DynamicRelease' in Block0.obj
     1>Box2D.lib(b2ChainShape.obj) : error LNK2038: mismatch detected for '_ITERATOR_DEBUG_LEVEL': value '2' doesn't match value '0' in Block0.obj
     1>Box2D.lib(b2ChainShape.obj) : error LNK2038: mismatch detected for 'RuntimeLibrary': value 'MDd_DynamicDebug' doesn't match value 'MD_DynamicRelease' in Block0.obj
     1>Box2D.lib(b2EdgeShape.obj) : error LNK2038: mismatch detected for '_ITERATOR_DEBUG_LEVEL': value '2' doesn't match value '0' in Block0.obj
     1>Box2D.lib(b2EdgeShape.obj) : error LNK2038: mismatch detected for 'RuntimeLibrary': value 'MDd_DynamicDebug' doesn't match value 'MD_DynamicRelease' in Block0.obj
     1>LINK : warning LNK4098: defaultlib 'MSVCRTD' conflicts with use of other libs; use /NODEFAULTLIB:library
     1>\\hsnas6\StudentHome\2015\a15nicel\Desktop\GitHub\Livia-game-2.0\Release\SfmlEmpty.exe : fatal error LNK1319: 62 mismatches detected
     1>Done Building Project "\\hsnas6\StudentHome\2015\a15nicel\Desktop\GitHub\Livia-game-2.0\SfmlEmpty\SfmlEmpty.vcxproj" (Build target(s)) -- FAILED.

Build FAILED.

Time Elapsed 00:00:22.93
